0 info it worked if it ends with ok
1 verbose cli [
1 verbose cli   'D:\\nodejs\\node.exe',
1 verbose cli   'D:\\nodejs\\node_modules\\npm\\bin\\npm-cli.js',
1 verbose cli   'run',
1 verbose cli   'serve',
1 verbose cli   '--scripts-prepend-node-path=auto'
1 verbose cli ]
2 info using npm@6.14.13
3 info using node@v14.17.3
4 verbose run-script [ 'preserve', 'serve', 'postserve' ]
5 info lifecycle student-front-end@0.1.0~preserve: student-front-end@0.1.0
6 info lifecycle student-front-end@0.1.0~serve: student-front-end@0.1.0
7 verbose lifecycle student-front-end@0.1.0~serve: unsafe-perm in lifecycle true
8 verbose lifecycle student-front-end@0.1.0~serve: PATH: D:\nodejs\node_modules\npm\node_modules\npm-lifecycle\node-gyp-bin;D:\codefile\student\student-front-end\node_modules\.bin;C:\Program Files\Common Files\Oracle\Java\javapath;D:\software\MPI\Bin\;C:\Windows\system32;C:\Windows;C:\Windows\System32\Wbem;C:\Windows\System32\WindowsPowerShell\v1.0\;C:\Windows\System32\OpenSSH\;C:\Program Files (x86)\NVIDIA Corporation\PhysX\Common;C:\Program Files\NVIDIA Corporation\NVIDIA NvDLISR;C:\WINDOWS\system32;C:\WINDOWS;C:\WINDOWS\System32\Wbem;C:\WINDOWS\System32\WindowsPowerShell\v1.0\;C:\WINDOWS\System32\OpenSSH\;D:\software\Git\cmd;D:\Python\python39\Scripts;%QUARTUS_ROOTDIR%\bin;%QUARTUS_ROOTDIR%\win;%QESS_ROOTDIR%\bin;D:\nodejs\;D:\software\cmake\bin;D:\software\XShell\;D:\software\Matlab\runtime\win64;D:\software\Matlab\bin;C:\Program Files\MySQL\MySQL Server 8.0\bin;D:\environment\JDK\bin;D:\environment\Maven\apache-maven-3.8.4\bin;D:\\environment\libav\usr\bin;D:\environment\ffmpeg\bin;D:\Python\python39\Scripts\;D:\Python\python39\;C:\Users\陈十\AppData\Local\Microsoft\WindowsApps;D:\CodeBlocks\MinGW\bin;D:\Java\bin;D:\software\MPI\Bin;D:\Python\python39;D:\Python\python39\Scripts;D:\nodejs\node_global;C:\Users\陈十\AppData\Local\Programs\Microsoft VS Code\bin;D:\software\Microsoft VS Code\bin;D:\software\Qt\6.0.4\mingw81_64\bin;;D:\software\PyCharm 2020.3.5\bin;
9 verbose lifecycle student-front-end@0.1.0~serve: CWD: D:\codefile\student\student-front-end
10 silly lifecycle student-front-end@0.1.0~serve: Args: [ '/d /s /c', 'vue-cli-service serve --open' ]
11 timing npm Completed in 49052780ms
12 error cb() never called!
13 error This is an error with npm itself. Please report this error at:
14 error <https://npm.community>
